2025-09-01 21:26:35,911 - __main__ - INFO - svm.py:48 - In function call executeSupportVectorMachine(): Starting ML Support Vector Machine Dataset analysis.
2025-09-01 21:26:36,307 - __main__ - ERROR - svm.py:70 - Error occurred in executeSupportVectorMachine() execution : [Errno 2] No such file or directory: './DATA/powerconsumption.csv'
Traceback (most recent call last):
  File "/Users/harisrid/Desktop/CODEBASES/MACHINE_LEARNING_ENGINEERING_SIDE_PROJECTS/SUPERVISED_LEARNING/SVM - SUPPORT_VECTOR_MACHINE/svm.py", line 60, in executeSupportVectorMachine
    iris_data = datasetLoader.getDataset(target_path, target_dataset)
  File "/Users/harisrid/Desktop/CODEBASES/MACHINE_LEARNING_ENGINEERING_SIDE_PROJECTS/SUPERVISED_LEARNING/SVM - SUPPORT_VECTOR_MACHINE/../../UTILS/DatasetLoader.py", line 18, in getDataset
    df = pd.read_csv(f'{target_path}/powerconsumption.csv', sep=self.COMMA)
  File "/Users/harisrid/Desktop/CODEBASES/MACHINE_LEARNING_ENGINEERING_SIDE_PROJECTS/venv/lib/python3.13/site-packages/pandas/io/parsers/readers.py", line 1026, in read_csv
    return _read(filepath_or_buffer, kwds)
  File "/Users/harisrid/Desktop/CODEBASES/MACHINE_LEARNING_ENGINEERING_SIDE_PROJECTS/venv/lib/python3.13/site-packages/pandas/io/parsers/readers.py", line 620, in _read
    parser = TextFileReader(filepath_or_buffer, **kwds)
  File "/Users/harisrid/Desktop/CODEBASES/MACHINE_LEARNING_ENGINEERING_SIDE_PROJECTS/venv/lib/python3.13/site-packages/pandas/io/parsers/readers.py", line 1620, in __init__
    self._engine = self._make_engine(f, self.engine)
                   ~~~~~~~~~~~~~~~~~^^^^^^^^^^^^^^^^
  File "/Users/harisrid/Desktop/CODEBASES/MACHINE_LEARNING_ENGINEERING_SIDE_PROJECTS/venv/lib/python3.13/site-packages/pandas/io/parsers/readers.py", line 1880, in _make_engine
    self.handles = get_handle(
                   ~~~~~~~~~~^
        f,
        ^^
    ...<6 lines>...
        storage_options=self.options.get("storage_options", None),
        ^^^^^^^^^^^^^^^^^^^^^^^^^^^^^^^^^^^^^^^^^^^^^^^^^^^^^^^^^^
    )
    ^
  File "/Users/harisrid/Desktop/CODEBASES/MACHINE_LEARNING_ENGINEERING_SIDE_PROJECTS/venv/lib/python3.13/site-packages/pandas/io/common.py", line 873, in get_handle
    handle = open(
        handle,
    ...<3 lines>...
        newline="",
    )
FileNotFoundError: [Errno 2] No such file or directory: './DATA/powerconsumption.csv'
2025-09-01 21:26:59,011 - __main__ - INFO - svm.py:48 - In function call executeSupportVectorMachine(): Starting ML Support Vector Machine Dataset analysis.
2025-09-01 21:26:59,819 - __main__ - ERROR - svm.py:70 - Error occurred in executeSupportVectorMachine() execution : [Errno 2] No such file or directory: './DATA/powerconsumption.csv'
Traceback (most recent call last):
  File "/Users/harisrid/Desktop/CODEBASES/MACHINE_LEARNING_ENGINEERING_SIDE_PROJECTS/SUPERVISED_LEARNING/SVM - SUPPORT_VECTOR_MACHINE/svm.py", line 60, in executeSupportVectorMachine
    iris_data = datasetLoader.getDataset(target_path, target_dataset)
  File "/Users/harisrid/Desktop/CODEBASES/MACHINE_LEARNING_ENGINEERING_SIDE_PROJECTS/SUPERVISED_LEARNING/SVM - SUPPORT_VECTOR_MACHINE/../../UTILS/DatasetLoader.py", line 18, in getDataset
    df = pd.read_csv(f'{target_path}/powerconsumption.csv', sep=self.COMMA)
  File "/Users/harisrid/Desktop/CODEBASES/MACHINE_LEARNING_ENGINEERING_SIDE_PROJECTS/venv/lib/python3.13/site-packages/pandas/io/parsers/readers.py", line 1026, in read_csv
    return _read(filepath_or_buffer, kwds)
  File "/Users/harisrid/Desktop/CODEBASES/MACHINE_LEARNING_ENGINEERING_SIDE_PROJECTS/venv/lib/python3.13/site-packages/pandas/io/parsers/readers.py", line 620, in _read
    parser = TextFileReader(filepath_or_buffer, **kwds)
  File "/Users/harisrid/Desktop/CODEBASES/MACHINE_LEARNING_ENGINEERING_SIDE_PROJECTS/venv/lib/python3.13/site-packages/pandas/io/parsers/readers.py", line 1620, in __init__
    self._engine = self._make_engine(f, self.engine)
                   ~~~~~~~~~~~~~~~~~^^^^^^^^^^^^^^^^
  File "/Users/harisrid/Desktop/CODEBASES/MACHINE_LEARNING_ENGINEERING_SIDE_PROJECTS/venv/lib/python3.13/site-packages/pandas/io/parsers/readers.py", line 1880, in _make_engine
    self.handles = get_handle(
                   ~~~~~~~~~~^
        f,
        ^^
    ...<6 lines>...
        storage_options=self.options.get("storage_options", None),
        ^^^^^^^^^^^^^^^^^^^^^^^^^^^^^^^^^^^^^^^^^^^^^^^^^^^^^^^^^^
    )
    ^
  File "/Users/harisrid/Desktop/CODEBASES/MACHINE_LEARNING_ENGINEERING_SIDE_PROJECTS/venv/lib/python3.13/site-packages/pandas/io/common.py", line 873, in get_handle
    handle = open(
        handle,
    ...<3 lines>...
        newline="",
    )
FileNotFoundError: [Errno 2] No such file or directory: './DATA/powerconsumption.csv'
2025-09-01 21:27:31,432 - __main__ - INFO - svm.py:48 - In function call executeSupportVectorMachine(): Starting ML Support Vector Machine Dataset analysis.
2025-09-01 21:27:32,172 - __main__ - ERROR - svm.py:70 - Error occurred in executeSupportVectorMachine() execution : [Errno 2] No such file or directory: './DATA/uciml/iris.csv'
Traceback (most recent call last):
  File "/Users/harisrid/Desktop/CODEBASES/MACHINE_LEARNING_ENGINEERING_SIDE_PROJECTS/SUPERVISED_LEARNING/SVM - SUPPORT_VECTOR_MACHINE/svm.py", line 60, in executeSupportVectorMachine
    iris_data = datasetLoader.getDataset(target_path, target_dataset)
  File "/Users/harisrid/Desktop/CODEBASES/MACHINE_LEARNING_ENGINEERING_SIDE_PROJECTS/SUPERVISED_LEARNING/SVM - SUPPORT_VECTOR_MACHINE/../../UTILS/DatasetLoader.py", line 18, in getDataset
    df = pd.read_csv(f'{target_path}/{target_dataset}.csv', sep=self.COMMA)
  File "/Users/harisrid/Desktop/CODEBASES/MACHINE_LEARNING_ENGINEERING_SIDE_PROJECTS/venv/lib/python3.13/site-packages/pandas/io/parsers/readers.py", line 1026, in read_csv
    return _read(filepath_or_buffer, kwds)
  File "/Users/harisrid/Desktop/CODEBASES/MACHINE_LEARNING_ENGINEERING_SIDE_PROJECTS/venv/lib/python3.13/site-packages/pandas/io/parsers/readers.py", line 620, in _read
    parser = TextFileReader(filepath_or_buffer, **kwds)
  File "/Users/harisrid/Desktop/CODEBASES/MACHINE_LEARNING_ENGINEERING_SIDE_PROJECTS/venv/lib/python3.13/site-packages/pandas/io/parsers/readers.py", line 1620, in __init__
    self._engine = self._make_engine(f, self.engine)
                   ~~~~~~~~~~~~~~~~~^^^^^^^^^^^^^^^^
  File "/Users/harisrid/Desktop/CODEBASES/MACHINE_LEARNING_ENGINEERING_SIDE_PROJECTS/venv/lib/python3.13/site-packages/pandas/io/parsers/readers.py", line 1880, in _make_engine
    self.handles = get_handle(
                   ~~~~~~~~~~^
        f,
        ^^
    ...<6 lines>...
        storage_options=self.options.get("storage_options", None),
        ^^^^^^^^^^^^^^^^^^^^^^^^^^^^^^^^^^^^^^^^^^^^^^^^^^^^^^^^^^
    )
    ^
  File "/Users/harisrid/Desktop/CODEBASES/MACHINE_LEARNING_ENGINEERING_SIDE_PROJECTS/venv/lib/python3.13/site-packages/pandas/io/common.py", line 873, in get_handle
    handle = open(
        handle,
    ...<3 lines>...
        newline="",
    )
FileNotFoundError: [Errno 2] No such file or directory: './DATA/uciml/iris.csv'
